WARNING - 2023-03-06 01:30:52 --> [DEPRECATED] Creation of dynamic property App\Controllers\PengaduanController::$pengaduanModel is deprecated in APPPATH\Controllers\PengaduanController.php on line 14.
 1 SYSTEMPATH\CodeIgniter.php(906): App\Controllers\PengaduanController->__construct()
 2 SYSTEMPATH\CodeIgniter.php(490): CodeIgniter\CodeIgniter->createController()
 3 SYSTEMPATH\CodeIgniter.php(368): CodeIgniter\CodeIgniter->handleRequest(null, Object(Config\Cache), false)
 4 FCPATH\index.php(67): CodeIgniter\CodeIgniter->run()
 5 SYSTEMPATH\Commands\Server\rewrite.php(47): require_once('FCPATH\\index.php')
WARNING - 2023-03-06 01:31:28 --> [DEPRECATED] Creation of dynamic property App\Controllers\PengaduanController::$pengaduanModel is deprecated in APPPATH\Controllers\PengaduanController.php on line 14.
 1 SYSTEMPATH\CodeIgniter.php(906): App\Controllers\PengaduanController->__construct()
 2 SYSTEMPATH\CodeIgniter.php(490): CodeIgniter\CodeIgniter->createController()
 3 SYSTEMPATH\CodeIgniter.php(368): CodeIgniter\CodeIgniter->handleRequest(null, Object(Config\Cache), false)
 4 FCPATH\index.php(67): CodeIgniter\CodeIgniter->run()
 5 SYSTEMPATH\Commands\Server\rewrite.php(47): require_once('FCPATH\\index.php')
CRITICAL - 2023-03-06 01:31:28 --> Undefined variable $data
in APPPATH\Controllers\PengaduanController.php on line 42.
 1 APPPATH\Controllers\PengaduanController.php(42): CodeIgniter\Debug\Exceptions->errorHandler(2, 'Undefined variable $data', 'APPPATH\\Controllers\\PengaduanController.php', 42)
 2 SYSTEMPATH\CodeIgniter.php(934): App\Controllers\PengaduanController->simpan()
 3 SYSTEMPATH\CodeIgniter.php(499): CodeIgniter\CodeIgniter->runController(Object(App\Controllers\PengaduanController))
 4 SYSTEMPATH\CodeIgniter.php(368): CodeIgniter\CodeIgniter->handleRequest(null, Object(Config\Cache), false)
 5 FCPATH\index.php(67): CodeIgniter\CodeIgniter->run()
 6 SYSTEMPATH\Commands\Server\rewrite.php(47): require_once('FCPATH\\index.php')
WARNING - 2023-03-06 01:32:12 --> [DEPRECATED] Creation of dynamic property App\Controllers\PengaduanController::$pengaduanModel is deprecated in APPPATH\Controllers\PengaduanController.php on line 14.
 1 SYSTEMPATH\CodeIgniter.php(906): App\Controllers\PengaduanController->__construct()
 2 SYSTEMPATH\CodeIgniter.php(490): CodeIgniter\CodeIgniter->createController()
 3 SYSTEMPATH\CodeIgniter.php(368): CodeIgniter\CodeIgniter->handleRequest(null, Object(Config\Cache), false)
 4 FCPATH\index.php(67): CodeIgniter\CodeIgniter->run()
 5 SYSTEMPATH\Commands\Server\rewrite.php(47): require_once('FCPATH\\index.php')
WARNING - 2023-03-06 01:55:31 --> [DEPRECATED] Creation of dynamic property App\Controllers\PengaduanController::$pengaduanModel is deprecated in APPPATH\Controllers\PengaduanController.php on line 14.
 1 SYSTEMPATH\CodeIgniter.php(906): App\Controllers\PengaduanController->__construct()
 2 SYSTEMPATH\CodeIgniter.php(490): CodeIgniter\CodeIgniter->createController()
 3 SYSTEMPATH\CodeIgniter.php(368): CodeIgniter\CodeIgniter->handleRequest(null, Object(Config\Cache), false)
 4 FCPATH\index.php(67): CodeIgniter\CodeIgniter->run()
 5 SYSTEMPATH\Commands\Server\rewrite.php(47): require_once('FCPATH\\index.php')
WARNING - 2023-03-06 01:56:27 --> [DEPRECATED] Creation of dynamic property App\Controllers\PengaduanController::$pengaduanModel is deprecated in APPPATH\Controllers\PengaduanController.php on line 14.
 1 SYSTEMPATH\CodeIgniter.php(906): App\Controllers\PengaduanController->__construct()
 2 SYSTEMPATH\CodeIgniter.php(490): CodeIgniter\CodeIgniter->createController()
 3 SYSTEMPATH\CodeIgniter.php(368): CodeIgniter\CodeIgniter->handleRequest(null, Object(Config\Cache), false)
 4 FCPATH\index.php(67): CodeIgniter\CodeIgniter->run()
 5 SYSTEMPATH\Commands\Server\rewrite.php(47): require_once('FCPATH\\index.php')
WARNING - 2023-03-06 01:56:35 --> [DEPRECATED] Creation of dynamic property App\Controllers\PengaduanController::$pengaduanModel is deprecated in APPPATH\Controllers\PengaduanController.php on line 14.
 1 SYSTEMPATH\CodeIgniter.php(906): App\Controllers\PengaduanController->__construct()
 2 SYSTEMPATH\CodeIgniter.php(490): CodeIgniter\CodeIgniter->createController()
 3 SYSTEMPATH\CodeIgniter.php(368): CodeIgniter\CodeIgniter->handleRequest(null, Object(Config\Cache), false)
 4 FCPATH\index.php(67): CodeIgniter\CodeIgniter->run()
 5 SYSTEMPATH\Commands\Server\rewrite.php(47): require_once('FCPATH\\index.php')
WARNING - 2023-03-06 01:56:51 --> [DEPRECATED] Creation of dynamic property App\Controllers\PengaduanController::$pengaduanModel is deprecated in APPPATH\Controllers\PengaduanController.php on line 14.
 1 SYSTEMPATH\CodeIgniter.php(906): App\Controllers\PengaduanController->__construct()
 2 SYSTEMPATH\CodeIgniter.php(490): CodeIgniter\CodeIgniter->createController()
 3 SYSTEMPATH\CodeIgniter.php(368): CodeIgniter\CodeIgniter->handleRequest(null, Object(Config\Cache), false)
 4 FCPATH\index.php(67): CodeIgniter\CodeIgniter->run()
 5 SYSTEMPATH\Commands\Server\rewrite.php(47): require_once('FCPATH\\index.php')
WARNING - 2023-03-06 01:57:37 --> [DEPRECATED] Creation of dynamic property App\Controllers\PengaduanController::$pengaduanModel is deprecated in APPPATH\Controllers\PengaduanController.php on line 14.
 1 SYSTEMPATH\CodeIgniter.php(906): App\Controllers\PengaduanController->__construct()
 2 SYSTEMPATH\CodeIgniter.php(490): CodeIgniter\CodeIgniter->createController()
 3 SYSTEMPATH\CodeIgniter.php(368): CodeIgniter\CodeIgniter->handleRequest(null, Object(Config\Cache), false)
 4 FCPATH\index.php(67): CodeIgniter\CodeIgniter->run()
 5 SYSTEMPATH\Commands\Server\rewrite.php(47): require_once('FCPATH\\index.php')
WARNING - 2023-03-06 01:57:44 --> [DEPRECATED] Creation of dynamic property App\Controllers\PengaduanController::$pengaduanModel is deprecated in APPPATH\Controllers\PengaduanController.php on line 14.
 1 SYSTEMPATH\CodeIgniter.php(906): App\Controllers\PengaduanController->__construct()
 2 SYSTEMPATH\CodeIgniter.php(490): CodeIgniter\CodeIgniter->createController()
 3 SYSTEMPATH\CodeIgniter.php(368): CodeIgniter\CodeIgniter->handleRequest(null, Object(Config\Cache), false)
 4 FCPATH\index.php(67): CodeIgniter\CodeIgniter->run()
 5 SYSTEMPATH\Commands\Server\rewrite.php(47): require_once('FCPATH\\index.php')
WARNING - 2023-03-06 02:19:34 --> [DEPRECATED] Creation of dynamic property App\Controllers\PengaduanController::$pengaduanModel is deprecated in APPPATH\Controllers\PengaduanController.php on line 14.
 1 SYSTEMPATH\CodeIgniter.php(906): App\Controllers\PengaduanController->__construct()
 2 SYSTEMPATH\CodeIgniter.php(490): CodeIgniter\CodeIgniter->createController()
 3 SYSTEMPATH\CodeIgniter.php(368): CodeIgniter\CodeIgniter->handleRequest(null, Object(Config\Cache), false)
 4 FCPATH\index.php(67): CodeIgniter\CodeIgniter->run()
 5 SYSTEMPATH\Commands\Server\rewrite.php(47): require_once('FCPATH\\index.php')
CRITICAL - 2023-03-06 02:19:35 --> Invalid file: "pengaduan.php"
in SYSTEMPATH\Exceptions\FrameworkException.php on line 33.
 1 SYSTEMPATH\View\View.php(201): CodeIgniter\Exceptions\FrameworkException::forInvalidFile('pengaduan.php')
 2 SYSTEMPATH\Common.php(1184): CodeIgniter\View\View->render('pengaduan', [], true)
 3 APPPATH\Controllers\PengaduanController.php(20): view('pengaduan', [...])
 4 SYSTEMPATH\CodeIgniter.php(934): App\Controllers\PengaduanController->index()
 5 SYSTEMPATH\CodeIgniter.php(499): CodeIgniter\CodeIgniter->runController(Object(App\Controllers\PengaduanController))
 6 SYSTEMPATH\CodeIgniter.php(368): CodeIgniter\CodeIgniter->handleRequest(null, Object(Config\Cache), false)
 7 FCPATH\index.php(67): CodeIgniter\CodeIgniter->run()
 8 SYSTEMPATH\Commands\Server\rewrite.php(47): require_once('FCPATH\\index.php')
WARNING - 2023-03-06 02:20:30 --> [DEPRECATED] Creation of dynamic property App\Controllers\PengaduanController::$pengaduanModel is deprecated in APPPATH\Controllers\PengaduanController.php on line 14.
 1 SYSTEMPATH\CodeIgniter.php(906): App\Controllers\PengaduanController->__construct()
 2 SYSTEMPATH\CodeIgniter.php(490): CodeIgniter\CodeIgniter->createController()
 3 SYSTEMPATH\CodeIgniter.php(368): CodeIgniter\CodeIgniter->handleRequest(null, Object(Config\Cache), false)
 4 FCPATH\index.php(67): CodeIgniter\CodeIgniter->run()
 5 SYSTEMPATH\Commands\Server\rewrite.php(47): require_once('FCPATH\\index.php')
WARNING - 2023-03-06 02:21:29 --> [DEPRECATED] Creation of dynamic property App\Controllers\PengaduanController::$pengaduanModel is deprecated in APPPATH\Controllers\PengaduanController.php on line 14.
 1 SYSTEMPATH\CodeIgniter.php(906): App\Controllers\PengaduanController->__construct()
 2 SYSTEMPATH\CodeIgniter.php(490): CodeIgniter\CodeIgniter->createController()
 3 SYSTEMPATH\CodeIgniter.php(368): CodeIgniter\CodeIgniter->handleRequest(null, Object(Config\Cache), false)
 4 FCPATH\index.php(67): CodeIgniter\CodeIgniter->run()
 5 SYSTEMPATH\Commands\Server\rewrite.php(47): require_once('FCPATH\\index.php')
WARNING - 2023-03-06 02:21:58 --> [DEPRECATED] Creation of dynamic property App\Controllers\PengaduanController::$pengaduanModel is deprecated in APPPATH\Controllers\PengaduanController.php on line 14.
 1 SYSTEMPATH\CodeIgniter.php(906): App\Controllers\PengaduanController->__construct()
 2 SYSTEMPATH\CodeIgniter.php(490): CodeIgniter\CodeIgniter->createController()
 3 SYSTEMPATH\CodeIgniter.php(368): CodeIgniter\CodeIgniter->handleRequest(null, Object(Config\Cache), false)
 4 FCPATH\index.php(67): CodeIgniter\CodeIgniter->run()
 5 SYSTEMPATH\Commands\Server\rewrite.php(47): require_once('FCPATH\\index.php')
CRITICAL - 2023-03-06 12:37:08 --> The framework needs the following extension(s) installed and loaded: intl.
in SYSTEMPATH\CodeIgniter.php on line 226.
 1 SYSTEMPATH\CodeIgniter.php(226): CodeIgniter\Exceptions\FrameworkException::forMissingExtension('intl')
 2 SYSTEMPATH\CodeIgniter.php(190): CodeIgniter\CodeIgniter->resolvePlatformExtensions()
 3 ROOTPATH\spark(83): CodeIgniter\CodeIgniter->initialize()
CRITICAL - 2023-03-06 12:39:16 --> The framework needs the following extension(s) installed and loaded: intl.
in SYSTEMPATH\CodeIgniter.php on line 226.
 1 SYSTEMPATH\CodeIgniter.php(226): CodeIgniter\Exceptions\FrameworkException::forMissingExtension('intl')
 2 SYSTEMPATH\CodeIgniter.php(190): CodeIgniter\CodeIgniter->resolvePlatformExtensions()
 3 ROOTPATH\spark(83): CodeIgniter\CodeIgniter->initialize()
WARNING - 2023-03-06 11:41:05 --> [DEPRECATED] Creation of dynamic property App\Controllers\PengaduanController::$pengaduanModel is deprecated in APPPATH\Controllers\PengaduanController.php on line 14.
 1 SYSTEMPATH\CodeIgniter.php(906): App\Controllers\PengaduanController->__construct()
 2 SYSTEMPATH\CodeIgniter.php(490): CodeIgniter\CodeIgniter->createController()
 3 SYSTEMPATH\CodeIgniter.php(368): CodeIgniter\CodeIgniter->handleRequest(null, Object(Config\Cache), false)
 4 FCPATH\index.php(67): CodeIgniter\CodeIgniter->run()
 5 SYSTEMPATH\Commands\Server\rewrite.php(47): require_once('FCPATH\\index.php')
WARNING - 2023-03-06 11:44:40 --> [DEPRECATED] Creation of dynamic property App\Controllers\PengaduanController::$pengaduanModel is deprecated in APPPATH\Controllers\PengaduanController.php on line 14.
 1 SYSTEMPATH\CodeIgniter.php(906): App\Controllers\PengaduanController->__construct()
 2 SYSTEMPATH\CodeIgniter.php(490): CodeIgniter\CodeIgniter->createController()
 3 SYSTEMPATH\CodeIgniter.php(368): CodeIgniter\CodeIgniter->handleRequest(null, Object(Config\Cache), false)
 4 FCPATH\index.php(67): CodeIgniter\CodeIgniter->run()
 5 SYSTEMPATH\Commands\Server\rewrite.php(47): require_once('FCPATH\\index.php')
WARNING - 2023-03-06 11:44:43 --> [DEPRECATED] Creation of dynamic property App\Controllers\PengaduanController::$pengaduanModel is deprecated in APPPATH\Controllers\PengaduanController.php on line 14.
 1 SYSTEMPATH\CodeIgniter.php(906): App\Controllers\PengaduanController->__construct()
 2 SYSTEMPATH\CodeIgniter.php(490): CodeIgniter\CodeIgniter->createController()
 3 SYSTEMPATH\CodeIgniter.php(368): CodeIgniter\CodeIgniter->handleRequest(null, Object(Config\Cache), false)
 4 FCPATH\index.php(67): CodeIgniter\CodeIgniter->run()
 5 SYSTEMPATH\Commands\Server\rewrite.php(47): require_once('FCPATH\\index.php')
WARNING - 2023-03-06 11:44:46 --> [DEPRECATED] Creation of dynamic property App\Controllers\PengaduanController::$pengaduanModel is deprecated in APPPATH\Controllers\PengaduanController.php on line 14.
 1 SYSTEMPATH\CodeIgniter.php(906): App\Controllers\PengaduanController->__construct()
 2 SYSTEMPATH\CodeIgniter.php(490): CodeIgniter\CodeIgniter->createController()
 3 SYSTEMPATH\CodeIgniter.php(368): CodeIgniter\CodeIgniter->handleRequest(null, Object(Config\Cache), false)
 4 FCPATH\index.php(67): CodeIgniter\CodeIgniter->run()
 5 SYSTEMPATH\Commands\Server\rewrite.php(47): require_once('FCPATH\\index.php')
