WARNING - 2023-03-07 00:24:20 --> [DEPRECATED] Creation of dynamic property App\Controllers\PengaduanController::$pengaduanModel is deprecated in APPPATH\Controllers\PengaduanController.php on line 14.
 1 SYSTEMPATH\CodeIgniter.php(906): App\Controllers\PengaduanController->__construct()
 2 SYSTEMPATH\CodeIgniter.php(490): CodeIgniter\CodeIgniter->createController()
 3 SYSTEMPATH\CodeIgniter.php(368): CodeIgniter\CodeIgniter->handleRequest(null, Object(Config\Cache), false)
 4 FCPATH\index.php(67): CodeIgniter\CodeIgniter->run()
 5 SYSTEMPATH\Commands\Server\rewrite.php(47): require_once('FCPATH\\index.php')
WARNING - 2023-03-07 00:28:34 --> [DEPRECATED] Creation of dynamic property App\Controllers\PengaduanController::$pengaduanModel is deprecated in APPPATH\Controllers\PengaduanController.php on line 14.
 1 SYSTEMPATH\CodeIgniter.php(906): App\Controllers\PengaduanController->__construct()
 2 SYSTEMPATH\CodeIgniter.php(490): CodeIgniter\CodeIgniter->createController()
 3 SYSTEMPATH\CodeIgniter.php(368): CodeIgniter\CodeIgniter->handleRequest(null, Object(Config\Cache), false)
 4 FCPATH\index.php(67): CodeIgniter\CodeIgniter->run()
 5 SYSTEMPATH\Commands\Server\rewrite.php(47): require_once('FCPATH\\index.php')
CRITICAL - 2023-03-07 00:28:34 --> Undefined array key "tgl_pegaduan"
in APPPATH\Views\pengaduan\index.php on line 22.
 1 APPPATH\Views\pengaduan\index.php(22): CodeIgniter\Debug\Exceptions->errorHandler(2, 'Undefined array key "tgl_pegaduan"', 'APPPATH\\Views\\pengaduan\\index.php', 22)
 2 SYSTEMPATH\View\View.php(213): include('APPPATH\\Views\\pengaduan\\index.php')
 3 SYSTEMPATH\View\View.php(216): CodeIgniter\View\View->CodeIgniter\View\{closure}()
 4 SYSTEMPATH\Common.php(1184): CodeIgniter\View\View->render('pengaduan/index', [], true)
 5 APPPATH\Controllers\PengaduanController.php(20): view('pengaduan/index', [...])
 6 SYSTEMPATH\CodeIgniter.php(934): App\Controllers\PengaduanController->index()
 7 SYSTEMPATH\CodeIgniter.php(499): CodeIgniter\CodeIgniter->runController(Object(App\Controllers\PengaduanController))
 8 SYSTEMPATH\CodeIgniter.php(368): CodeIgniter\CodeIgniter->handleRequest(null, Object(Config\Cache), false)
 9 FCPATH\index.php(67): CodeIgniter\CodeIgniter->run()
10 SYSTEMPATH\Commands\Server\rewrite.php(47): require_once('FCPATH\\index.php')
WARNING - 2023-03-07 00:28:53 --> [DEPRECATED] Creation of dynamic property App\Controllers\PengaduanController::$pengaduanModel is deprecated in APPPATH\Controllers\PengaduanController.php on line 14.
 1 SYSTEMPATH\CodeIgniter.php(906): App\Controllers\PengaduanController->__construct()
 2 SYSTEMPATH\CodeIgniter.php(490): CodeIgniter\CodeIgniter->createController()
 3 SYSTEMPATH\CodeIgniter.php(368): CodeIgniter\CodeIgniter->handleRequest(null, Object(Config\Cache), false)
 4 FCPATH\index.php(67): CodeIgniter\CodeIgniter->run()
 5 SYSTEMPATH\Commands\Server\rewrite.php(47): require_once('FCPATH\\index.php')
CRITICAL - 2023-03-07 00:28:53 --> Undefined variable $base_url
in APPPATH\Views\pengaduan\index.php on line 25.
 1 APPPATH\Views\pengaduan\index.php(25): CodeIgniter\Debug\Exceptions->errorHandler(2, 'Undefined variable $base_url', 'APPPATH\\Views\\pengaduan\\index.php', 25)
 2 SYSTEMPATH\View\View.php(213): include('APPPATH\\Views\\pengaduan\\index.php')
 3 SYSTEMPATH\View\View.php(216): CodeIgniter\View\View->CodeIgniter\View\{closure}()
 4 SYSTEMPATH\Common.php(1184): CodeIgniter\View\View->render('pengaduan/index', [], true)
 5 APPPATH\Controllers\PengaduanController.php(20): view('pengaduan/index', [...])
 6 SYSTEMPATH\CodeIgniter.php(934): App\Controllers\PengaduanController->index()
 7 SYSTEMPATH\CodeIgniter.php(499): CodeIgniter\CodeIgniter->runController(Object(App\Controllers\PengaduanController))
 8 SYSTEMPATH\CodeIgniter.php(368): CodeIgniter\CodeIgniter->handleRequest(null, Object(Config\Cache), false)
 9 FCPATH\index.php(67): CodeIgniter\CodeIgniter->run()
10 SYSTEMPATH\Commands\Server\rewrite.php(47): require_once('FCPATH\\index.php')
WARNING - 2023-03-07 00:29:33 --> [DEPRECATED] Creation of dynamic property App\Controllers\PengaduanController::$pengaduanModel is deprecated in APPPATH\Controllers\PengaduanController.php on line 14.
 1 SYSTEMPATH\CodeIgniter.php(906): App\Controllers\PengaduanController->__construct()
 2 SYSTEMPATH\CodeIgniter.php(490): CodeIgniter\CodeIgniter->createController()
 3 SYSTEMPATH\CodeIgniter.php(368): CodeIgniter\CodeIgniter->handleRequest(null, Object(Config\Cache), false)
 4 FCPATH\index.php(67): CodeIgniter\CodeIgniter->run()
 5 SYSTEMPATH\Commands\Server\rewrite.php(47): require_once('FCPATH\\index.php')
WARNING - 2023-03-07 00:29:57 --> [DEPRECATED] Creation of dynamic property App\Controllers\PengaduanController::$pengaduanModel is deprecated in APPPATH\Controllers\PengaduanController.php on line 14.
 1 SYSTEMPATH\CodeIgniter.php(906): App\Controllers\PengaduanController->__construct()
 2 SYSTEMPATH\CodeIgniter.php(490): CodeIgniter\CodeIgniter->createController()
 3 SYSTEMPATH\CodeIgniter.php(368): CodeIgniter\CodeIgniter->handleRequest(null, Object(Config\Cache), false)
 4 FCPATH\index.php(67): CodeIgniter\CodeIgniter->run()
 5 SYSTEMPATH\Commands\Server\rewrite.php(47): require_once('FCPATH\\index.php')
WARNING - 2023-03-07 00:29:59 --> [DEPRECATED] Creation of dynamic property App\Controllers\PengaduanController::$pengaduanModel is deprecated in APPPATH\Controllers\PengaduanController.php on line 14.
 1 SYSTEMPATH\CodeIgniter.php(906): App\Controllers\PengaduanController->__construct()
 2 SYSTEMPATH\CodeIgniter.php(490): CodeIgniter\CodeIgniter->createController()
 3 SYSTEMPATH\CodeIgniter.php(368): CodeIgniter\CodeIgniter->handleRequest(null, Object(Config\Cache), false)
 4 FCPATH\index.php(67): CodeIgniter\CodeIgniter->run()
 5 SYSTEMPATH\Commands\Server\rewrite.php(47): require_once('FCPATH\\index.php')
WARNING - 2023-03-07 00:33:21 --> [DEPRECATED] Creation of dynamic property App\Controllers\PengaduanController::$pengaduanModel is deprecated in APPPATH\Controllers\PengaduanController.php on line 14.
 1 SYSTEMPATH\CodeIgniter.php(906): App\Controllers\PengaduanController->__construct()
 2 SYSTEMPATH\CodeIgniter.php(490): CodeIgniter\CodeIgniter->createController()
 3 SYSTEMPATH\CodeIgniter.php(368): CodeIgniter\CodeIgniter->handleRequest(null, Object(Config\Cache), false)
 4 FCPATH\index.php(67): CodeIgniter\CodeIgniter->run()
 5 SYSTEMPATH\Commands\Server\rewrite.php(47): require_once('FCPATH\\index.php')
WARNING - 2023-03-07 00:33:24 --> [DEPRECATED] Creation of dynamic property App\Controllers\PengaduanController::$pengaduanModel is deprecated in APPPATH\Controllers\PengaduanController.php on line 14.
 1 SYSTEMPATH\CodeIgniter.php(906): App\Controllers\PengaduanController->__construct()
 2 SYSTEMPATH\CodeIgniter.php(490): CodeIgniter\CodeIgniter->createController()
 3 SYSTEMPATH\CodeIgniter.php(368): CodeIgniter\CodeIgniter->handleRequest(null, Object(Config\Cache), false)
 4 FCPATH\index.php(67): CodeIgniter\CodeIgniter->run()
 5 SYSTEMPATH\Commands\Server\rewrite.php(47): require_once('FCPATH\\index.php')
WARNING - 2023-03-07 00:40:33 --> [DEPRECATED] Creation of dynamic property App\Controllers\PengaduanController::$pengaduanModel is deprecated in APPPATH\Controllers\PengaduanController.php on line 14.
 1 SYSTEMPATH\CodeIgniter.php(906): App\Controllers\PengaduanController->__construct()
 2 SYSTEMPATH\CodeIgniter.php(490): CodeIgniter\CodeIgniter->createController()
 3 SYSTEMPATH\CodeIgniter.php(368): CodeIgniter\CodeIgniter->handleRequest(null, Object(Config\Cache), false)
 4 FCPATH\index.php(67): CodeIgniter\CodeIgniter->run()
 5 SYSTEMPATH\Commands\Server\rewrite.php(47): require_once('FCPATH\\index.php')
WARNING - 2023-03-07 00:41:03 --> [DEPRECATED] Creation of dynamic property App\Controllers\PengaduanController::$pengaduanModel is deprecated in APPPATH\Controllers\PengaduanController.php on line 14.
 1 SYSTEMPATH\CodeIgniter.php(906): App\Controllers\PengaduanController->__construct()
 2 SYSTEMPATH\CodeIgniter.php(490): CodeIgniter\CodeIgniter->createController()
 3 SYSTEMPATH\CodeIgniter.php(368): CodeIgniter\CodeIgniter->handleRequest(null, Object(Config\Cache), false)
 4 FCPATH\index.php(67): CodeIgniter\CodeIgniter->run()
 5 SYSTEMPATH\Commands\Server\rewrite.php(47): require_once('FCPATH\\index.php')
WARNING - 2023-03-07 00:42:48 --> [DEPRECATED] Creation of dynamic property App\Controllers\PengaduanController::$pengaduanModel is deprecated in APPPATH\Controllers\PengaduanController.php on line 14.
 1 SYSTEMPATH\CodeIgniter.php(906): App\Controllers\PengaduanController->__construct()
 2 SYSTEMPATH\CodeIgniter.php(490): CodeIgniter\CodeIgniter->createController()
 3 SYSTEMPATH\CodeIgniter.php(368): CodeIgniter\CodeIgniter->handleRequest(null, Object(Config\Cache), false)
 4 FCPATH\index.php(67): CodeIgniter\CodeIgniter->run()
 5 SYSTEMPATH\Commands\Server\rewrite.php(47): require_once('FCPATH\\index.php')
WARNING - 2023-03-07 00:43:30 --> [DEPRECATED] Creation of dynamic property App\Controllers\PengaduanController::$pengaduanModel is deprecated in APPPATH\Controllers\PengaduanController.php on line 14.
 1 SYSTEMPATH\CodeIgniter.php(906): App\Controllers\PengaduanController->__construct()
 2 SYSTEMPATH\CodeIgniter.php(490): CodeIgniter\CodeIgniter->createController()
 3 SYSTEMPATH\CodeIgniter.php(368): CodeIgniter\CodeIgniter->handleRequest(null, Object(Config\Cache), false)
 4 FCPATH\index.php(67): CodeIgniter\CodeIgniter->run()
 5 SYSTEMPATH\Commands\Server\rewrite.php(47): require_once('FCPATH\\index.php')
WARNING - 2023-03-07 00:43:56 --> [DEPRECATED] Creation of dynamic property App\Controllers\PengaduanController::$pengaduanModel is deprecated in APPPATH\Controllers\PengaduanController.php on line 14.
 1 SYSTEMPATH\CodeIgniter.php(906): App\Controllers\PengaduanController->__construct()
 2 SYSTEMPATH\CodeIgniter.php(490): CodeIgniter\CodeIgniter->createController()
 3 SYSTEMPATH\CodeIgniter.php(368): CodeIgniter\CodeIgniter->handleRequest(null, Object(Config\Cache), false)
 4 FCPATH\index.php(67): CodeIgniter\CodeIgniter->run()
 5 SYSTEMPATH\Commands\Server\rewrite.php(47): require_once('FCPATH\\index.php')
ERROR - 2023-03-07 00:43:56 --> mysqli_sql_exception: Duplicate entry '0' for key 'PRIMARY' in C:\xamppp\htdocs\pekatci4\system\Database\MySQLi\Connection.php:295
Stack trace:
#0 C:\xamppp\htdocs\pekatci4\system\Database\MySQLi\Connection.php(295): mysqli->query('INSERT INTO `pe...', 0)
#1 C:\xamppp\htdocs\pekatci4\system\Database\BaseConnection.php(691): CodeIgniter\Database\MySQLi\Connection->execute('INSERT INTO `pe...')
#2 C:\xamppp\htdocs\pekatci4\system\Database\BaseConnection.php(605): CodeIgniter\Database\BaseConnection->simpleQuery('INSERT INTO `pe...')
#3 C:\xamppp\htdocs\pekatci4\system\Database\BaseBuilder.php(2309): CodeIgniter\Database\BaseConnection->query('INSERT INTO `pe...', Array, false)
#4 C:\xamppp\htdocs\pekatci4\system\Model.php(330): CodeIgniter\Database\BaseBuilder->insert()
#5 C:\xamppp\htdocs\pekatci4\system\BaseModel.php(782): CodeIgniter\Model->doInsert(Array)
#6 C:\xamppp\htdocs\pekatci4\system\Model.php(730): CodeIgniter\BaseModel->insert(Array, true)
#7 C:\xamppp\htdocs\pekatci4\app\Controllers\PengaduanController.php(32): CodeIgniter\Model->insert(Array)
#8 C:\xamppp\htdocs\pekatci4\system\CodeIgniter.php(934): App\Controllers\PengaduanController->store()
#9 C:\xamppp\htdocs\pekatci4\system\CodeIgniter.php(499): CodeIgniter\CodeIgniter->runController(Object(App\Controllers\PengaduanController))
#10 C:\xamppp\htdocs\pekatci4\system\CodeIgniter.php(368): CodeIgniter\CodeIgniter->handleRequest(NULL, Object(Config\Cache), false)
#11 C:\xamppp\htdocs\pekatci4\public\index.php(67): CodeIgniter\CodeIgniter->run()
#12 C:\xamppp\htdocs\pekatci4\system\Commands\Server\rewrite.php(47): require_once('C:\\xamppp\\htdoc...')
#13 {main}
CRITICAL - 2023-03-07 00:43:56 --> Duplicate entry '0' for key 'PRIMARY'
in SYSTEMPATH\Database\BaseConnection.php on line 645.
 1 SYSTEMPATH\Database\BaseBuilder.php(2309): CodeIgniter\Database\BaseConnection->query('INSERT INTO `pengaduan` (`tgl_pengaduan`, `nik`, `isi_laporan`, `foto`, `status`) VALUES (:tgl_pengaduan:, :nik:, :isi_laporan:, :foto:, :status:)', [...], false)
 2 SYSTEMPATH\Model.php(330): CodeIgniter\Database\BaseBuilder->insert()
 3 SYSTEMPATH\BaseModel.php(782): CodeIgniter\Model->doInsert([...])
 4 SYSTEMPATH\Model.php(730): CodeIgniter\BaseModel->insert([...], true)
 5 APPPATH\Controllers\PengaduanController.php(32): CodeIgniter\Model->insert([...])
 6 SYSTEMPATH\CodeIgniter.php(934): App\Controllers\PengaduanController->store()
 7 SYSTEMPATH\CodeIgniter.php(499): CodeIgniter\CodeIgniter->runController(Object(App\Controllers\PengaduanController))
 8 SYSTEMPATH\CodeIgniter.php(368): CodeIgniter\CodeIgniter->handleRequest(null, Object(Config\Cache), false)
 9 FCPATH\index.php(67): CodeIgniter\CodeIgniter->run()
10 SYSTEMPATH\Commands\Server\rewrite.php(47): require_once('FCPATH\\index.php')
WARNING - 2023-03-07 00:44:22 --> [DEPRECATED] Creation of dynamic property App\Controllers\PengaduanController::$pengaduanModel is deprecated in APPPATH\Controllers\PengaduanController.php on line 14.
 1 SYSTEMPATH\CodeIgniter.php(906): App\Controllers\PengaduanController->__construct()
 2 SYSTEMPATH\CodeIgniter.php(490): CodeIgniter\CodeIgniter->createController()
 3 SYSTEMPATH\CodeIgniter.php(368): CodeIgniter\CodeIgniter->handleRequest(null, Object(Config\Cache), false)
 4 FCPATH\index.php(67): CodeIgniter\CodeIgniter->run()
 5 SYSTEMPATH\Commands\Server\rewrite.php(47): require_once('FCPATH\\index.php')
WARNING - 2023-03-07 00:44:50 --> [DEPRECATED] Creation of dynamic property App\Controllers\PengaduanController::$pengaduanModel is deprecated in APPPATH\Controllers\PengaduanController.php on line 14.
 1 SYSTEMPATH\CodeIgniter.php(906): App\Controllers\PengaduanController->__construct()
 2 SYSTEMPATH\CodeIgniter.php(490): CodeIgniter\CodeIgniter->createController()
 3 SYSTEMPATH\CodeIgniter.php(368): CodeIgniter\CodeIgniter->handleRequest(null, Object(Config\Cache), false)
 4 FCPATH\index.php(67): CodeIgniter\CodeIgniter->run()
 5 SYSTEMPATH\Commands\Server\rewrite.php(47): require_once('FCPATH\\index.php')
ERROR - 2023-03-07 00:44:50 --> mysqli_sql_exception: Duplicate entry '0' for key 'PRIMARY' in C:\xamppp\htdocs\pekatci4\system\Database\MySQLi\Connection.php:295
Stack trace:
#0 C:\xamppp\htdocs\pekatci4\system\Database\MySQLi\Connection.php(295): mysqli->query('INSERT INTO `pe...', 0)
#1 C:\xamppp\htdocs\pekatci4\system\Database\BaseConnection.php(691): CodeIgniter\Database\MySQLi\Connection->execute('INSERT INTO `pe...')
#2 C:\xamppp\htdocs\pekatci4\system\Database\BaseConnection.php(605): CodeIgniter\Database\BaseConnection->simpleQuery('INSERT INTO `pe...')
#3 C:\xamppp\htdocs\pekatci4\system\Database\BaseBuilder.php(2309): CodeIgniter\Database\BaseConnection->query('INSERT INTO `pe...', Array, false)
#4 C:\xamppp\htdocs\pekatci4\system\Model.php(330): CodeIgniter\Database\BaseBuilder->insert()
#5 C:\xamppp\htdocs\pekatci4\system\BaseModel.php(782): CodeIgniter\Model->doInsert(Array)
#6 C:\xamppp\htdocs\pekatci4\system\Model.php(730): CodeIgniter\BaseModel->insert(Array, true)
#7 C:\xamppp\htdocs\pekatci4\app\Controllers\PengaduanController.php(32): CodeIgniter\Model->insert(Array)
#8 C:\xamppp\htdocs\pekatci4\system\CodeIgniter.php(934): App\Controllers\PengaduanController->store()
#9 C:\xamppp\htdocs\pekatci4\system\CodeIgniter.php(499): CodeIgniter\CodeIgniter->runController(Object(App\Controllers\PengaduanController))
#10 C:\xamppp\htdocs\pekatci4\system\CodeIgniter.php(368): CodeIgniter\CodeIgniter->handleRequest(NULL, Object(Config\Cache), false)
#11 C:\xamppp\htdocs\pekatci4\public\index.php(67): CodeIgniter\CodeIgniter->run()
#12 C:\xamppp\htdocs\pekatci4\system\Commands\Server\rewrite.php(47): require_once('C:\\xamppp\\htdoc...')
#13 {main}
CRITICAL - 2023-03-07 00:44:50 --> Duplicate entry '0' for key 'PRIMARY'
in SYSTEMPATH\Database\BaseConnection.php on line 645.
 1 SYSTEMPATH\Database\BaseBuilder.php(2309): CodeIgniter\Database\BaseConnection->query('INSERT INTO `pengaduan` (`tgl_pengaduan`, `nik`, `isi_laporan`, `foto`, `status`) VALUES (:tgl_pengaduan:, :nik:, :isi_laporan:, :foto:, :status:)', [...], false)
 2 SYSTEMPATH\Model.php(330): CodeIgniter\Database\BaseBuilder->insert()
 3 SYSTEMPATH\BaseModel.php(782): CodeIgniter\Model->doInsert([...])
 4 SYSTEMPATH\Model.php(730): CodeIgniter\BaseModel->insert([...], true)
 5 APPPATH\Controllers\PengaduanController.php(32): CodeIgniter\Model->insert([...])
 6 SYSTEMPATH\CodeIgniter.php(934): App\Controllers\PengaduanController->store()
 7 SYSTEMPATH\CodeIgniter.php(499): CodeIgniter\CodeIgniter->runController(Object(App\Controllers\PengaduanController))
 8 SYSTEMPATH\CodeIgniter.php(368): CodeIgniter\CodeIgniter->handleRequest(null, Object(Config\Cache), false)
 9 FCPATH\index.php(67): CodeIgniter\CodeIgniter->run()
10 SYSTEMPATH\Commands\Server\rewrite.php(47): require_once('FCPATH\\index.php')
WARNING - 2023-03-07 00:44:54 --> [DEPRECATED] Creation of dynamic property App\Controllers\PengaduanController::$pengaduanModel is deprecated in APPPATH\Controllers\PengaduanController.php on line 14.
 1 SYSTEMPATH\CodeIgniter.php(906): App\Controllers\PengaduanController->__construct()
 2 SYSTEMPATH\CodeIgniter.php(490): CodeIgniter\CodeIgniter->createController()
 3 SYSTEMPATH\CodeIgniter.php(368): CodeIgniter\CodeIgniter->handleRequest(null, Object(Config\Cache), false)
 4 FCPATH\index.php(67): CodeIgniter\CodeIgniter->run()
 5 SYSTEMPATH\Commands\Server\rewrite.php(47): require_once('FCPATH\\index.php')
WARNING - 2023-03-07 01:27:00 --> [DEPRECATED] Creation of dynamic property App\Controllers\PengaduanController::$pengaduanModel is deprecated in APPPATH\Controllers\PengaduanController.php on line 14.
 1 SYSTEMPATH\CodeIgniter.php(906): App\Controllers\PengaduanController->__construct()
 2 SYSTEMPATH\CodeIgniter.php(490): CodeIgniter\CodeIgniter->createController()
 3 SYSTEMPATH\CodeIgniter.php(368): CodeIgniter\CodeIgniter->handleRequest(null, Object(Config\Cache), false)
 4 FCPATH\index.php(67): CodeIgniter\CodeIgniter->run()
 5 SYSTEMPATH\Commands\Server\rewrite.php(47): require_once('FCPATH\\index.php')
WARNING - 2023-03-07 01:27:21 --> [DEPRECATED] Creation of dynamic property App\Controllers\PengaduanController::$pengaduanModel is deprecated in APPPATH\Controllers\PengaduanController.php on line 14.
 1 SYSTEMPATH\CodeIgniter.php(906): App\Controllers\PengaduanController->__construct()
 2 SYSTEMPATH\CodeIgniter.php(490): CodeIgniter\CodeIgniter->createController()
 3 SYSTEMPATH\CodeIgniter.php(368): CodeIgniter\CodeIgniter->handleRequest(null, Object(Config\Cache), false)
 4 FCPATH\index.php(67): CodeIgniter\CodeIgniter->run()
 5 SYSTEMPATH\Commands\Server\rewrite.php(47): require_once('FCPATH\\index.php')
ERROR - 2023-03-07 01:27:21 --> mysqli_sql_exception: Cannot add or update a child row: a foreign key constraint fails (`pekat`.`pengaduan`, CONSTRAINT `pengaduan_ibfk_1` FOREIGN KEY (`nik`) REFERENCES `masyarakat` (`nik`)) in C:\xamppp\htdocs\pekatci4\system\Database\MySQLi\Connection.php:295
Stack trace:
#0 C:\xamppp\htdocs\pekatci4\system\Database\MySQLi\Connection.php(295): mysqli->query('INSERT INTO `pe...', 0)
#1 C:\xamppp\htdocs\pekatci4\system\Database\BaseConnection.php(691): CodeIgniter\Database\MySQLi\Connection->execute('INSERT INTO `pe...')
#2 C:\xamppp\htdocs\pekatci4\system\Database\BaseConnection.php(605): CodeIgniter\Database\BaseConnection->simpleQuery('INSERT INTO `pe...')
#3 C:\xamppp\htdocs\pekatci4\system\Database\BaseBuilder.php(2309): CodeIgniter\Database\BaseConnection->query('INSERT INTO `pe...', Array, false)
#4 C:\xamppp\htdocs\pekatci4\system\Model.php(330): CodeIgniter\Database\BaseBuilder->insert()
#5 C:\xamppp\htdocs\pekatci4\system\BaseModel.php(782): CodeIgniter\Model->doInsert(Array)
#6 C:\xamppp\htdocs\pekatci4\system\Model.php(730): CodeIgniter\BaseModel->insert(Array, true)
#7 C:\xamppp\htdocs\pekatci4\app\Controllers\PengaduanController.php(32): CodeIgniter\Model->insert(Array)
#8 C:\xamppp\htdocs\pekatci4\system\CodeIgniter.php(934): App\Controllers\PengaduanController->store()
#9 C:\xamppp\htdocs\pekatci4\system\CodeIgniter.php(499): CodeIgniter\CodeIgniter->runController(Object(App\Controllers\PengaduanController))
#10 C:\xamppp\htdocs\pekatci4\system\CodeIgniter.php(368): CodeIgniter\CodeIgniter->handleRequest(NULL, Object(Config\Cache), false)
#11 C:\xamppp\htdocs\pekatci4\public\index.php(67): CodeIgniter\CodeIgniter->run()
#12 C:\xamppp\htdocs\pekatci4\system\Commands\Server\rewrite.php(47): require_once('C:\\xamppp\\htdoc...')
#13 {main}
CRITICAL - 2023-03-07 01:27:21 --> Cannot add or update a child row: a foreign key constraint fails (`pekat`.`pengaduan`, CONSTRAINT `pengaduan_ibfk_1` FOREIGN KEY (`nik`) REFERENCES `masyarakat` (`nik`))
in SYSTEMPATH\Database\BaseConnection.php on line 645.
 1 SYSTEMPATH\Database\BaseBuilder.php(2309): CodeIgniter\Database\BaseConnection->query('INSERT INTO `pengaduan` (`tgl_pengaduan`, `nik`, `isi_laporan`, `foto`, `status`) VALUES (:tgl_pengaduan:, :nik:, :isi_laporan:, :foto:, :status:)', [...], false)
 2 SYSTEMPATH\Model.php(330): CodeIgniter\Database\BaseBuilder->insert()
 3 SYSTEMPATH\BaseModel.php(782): CodeIgniter\Model->doInsert([...])
 4 SYSTEMPATH\Model.php(730): CodeIgniter\BaseModel->insert([...], true)
 5 APPPATH\Controllers\PengaduanController.php(32): CodeIgniter\Model->insert([...])
 6 SYSTEMPATH\CodeIgniter.php(934): App\Controllers\PengaduanController->store()
 7 SYSTEMPATH\CodeIgniter.php(499): CodeIgniter\CodeIgniter->runController(Object(App\Controllers\PengaduanController))
 8 SYSTEMPATH\CodeIgniter.php(368): CodeIgniter\CodeIgniter->handleRequest(null, Object(Config\Cache), false)
 9 FCPATH\index.php(67): CodeIgniter\CodeIgniter->run()
10 SYSTEMPATH\Commands\Server\rewrite.php(47): require_once('FCPATH\\index.php')
WARNING - 2023-03-07 01:49:46 --> [DEPRECATED] Creation of dynamic property App\Controllers\PengaduanController::$pengaduanModel is deprecated in APPPATH\Controllers\PengaduanController.php on line 14.
 1 SYSTEMPATH\CodeIgniter.php(906): App\Controllers\PengaduanController->__construct()
 2 SYSTEMPATH\CodeIgniter.php(490): CodeIgniter\CodeIgniter->createController()
 3 SYSTEMPATH\CodeIgniter.php(368): CodeIgniter\CodeIgniter->handleRequest(null, Object(Config\Cache), false)
 4 FCPATH\index.php(67): CodeIgniter\CodeIgniter->run()
 5 SYSTEMPATH\Commands\Server\rewrite.php(47): require_once('FCPATH\\index.php')
WARNING - 2023-03-07 01:49:55 --> [DEPRECATED] Creation of dynamic property App\Controllers\PengaduanController::$pengaduanModel is deprecated in APPPATH\Controllers\PengaduanController.php on line 14.
 1 SYSTEMPATH\CodeIgniter.php(906): App\Controllers\PengaduanController->__construct()
 2 SYSTEMPATH\CodeIgniter.php(490): CodeIgniter\CodeIgniter->createController()
 3 SYSTEMPATH\CodeIgniter.php(368): CodeIgniter\CodeIgniter->handleRequest(null, Object(Config\Cache), false)
 4 FCPATH\index.php(67): CodeIgniter\CodeIgniter->run()
 5 SYSTEMPATH\Commands\Server\rewrite.php(47): require_once('FCPATH\\index.php')
WARNING - 2023-03-07 02:00:03 --> [DEPRECATED] Creation of dynamic property App\Controllers\PengaduanController::$pengaduanModel is deprecated in APPPATH\Controllers\PengaduanController.php on line 14.
 1 SYSTEMPATH\CodeIgniter.php(906): App\Controllers\PengaduanController->__construct()
 2 SYSTEMPATH\CodeIgniter.php(490): CodeIgniter\CodeIgniter->createController()
 3 SYSTEMPATH\CodeIgniter.php(368): CodeIgniter\CodeIgniter->handleRequest(null, Object(Config\Cache), false)
 4 FCPATH\index.php(67): CodeIgniter\CodeIgniter->run()
 5 SYSTEMPATH\Commands\Server\rewrite.php(47): require_once('FCPATH\\index.php')
WARNING - 2023-03-07 02:07:28 --> [DEPRECATED] Creation of dynamic property App\Controllers\PengaduanController::$pengaduanModel is deprecated in APPPATH\Controllers\PengaduanController.php on line 14.
 1 SYSTEMPATH\CodeIgniter.php(906): App\Controllers\PengaduanController->__construct()
 2 SYSTEMPATH\CodeIgniter.php(490): CodeIgniter\CodeIgniter->createController()
 3 SYSTEMPATH\CodeIgniter.php(368): CodeIgniter\CodeIgniter->handleRequest(null, Object(Config\Cache), false)
 4 FCPATH\index.php(67): CodeIgniter\CodeIgniter->run()
 5 SYSTEMPATH\Commands\Server\rewrite.php(47): require_once('FCPATH\\index.php')
CRITICAL - 2023-03-07 02:08:32 --> The namespace delimiter is a backslash (\), not a slash (/). Route handler: "\App\Controllers\admin/AdminController::index"
in SYSTEMPATH\Router\Router.php on line 474.
 1 SYSTEMPATH\Router\Router.php(474): CodeIgniter\Router\Exceptions\RouterException::forInvalidControllerName('\\App\\Controllers\\admin/AdminController::index')
 2 SYSTEMPATH\Router\Router.php(182): CodeIgniter\Router\Router->checkRoutes('admin')
 3 SYSTEMPATH\CodeIgniter.php(815): CodeIgniter\Router\Router->handle('admin')
 4 SYSTEMPATH\CodeIgniter.php(449): CodeIgniter\CodeIgniter->tryToRouteIt(Object(CodeIgniter\Router\RouteCollection))
 5 SYSTEMPATH\CodeIgniter.php(368): CodeIgniter\CodeIgniter->handleRequest(null, Object(Config\Cache), false)
 6 FCPATH\index.php(67): CodeIgniter\CodeIgniter->run()
 7 SYSTEMPATH\Commands\Server\rewrite.php(47): require_once('FCPATH\\index.php')
CRITICAL - 2023-03-07 02:09:15 --> Invalid file: "dashboard_admin.php"
in SYSTEMPATH\Exceptions\FrameworkException.php on line 33.
 1 SYSTEMPATH\View\View.php(201): CodeIgniter\Exceptions\FrameworkException::forInvalidFile('dashboard_admin.php')
 2 SYSTEMPATH\Common.php(1184): CodeIgniter\View\View->render('dashboard_admin', [], true)
 3 APPPATH\Controllers\AdminController.php(9): view('dashboard_admin')
 4 SYSTEMPATH\CodeIgniter.php(934): App\Controllers\AdminController->index()
 5 SYSTEMPATH\CodeIgniter.php(499): CodeIgniter\CodeIgniter->runController(Object(App\Controllers\AdminController))
 6 SYSTEMPATH\CodeIgniter.php(368): CodeIgniter\CodeIgniter->handleRequest(null, Object(Config\Cache), false)
 7 FCPATH\index.php(67): CodeIgniter\CodeIgniter->run()
 8 SYSTEMPATH\Commands\Server\rewrite.php(47): require_once('FCPATH\\index.php')
CRITICAL - 2023-03-07 02:09:39 --> Invalid file: "layout/admin-layout.php"
in SYSTEMPATH\Exceptions\FrameworkException.php on line 33.
 1 SYSTEMPATH\View\View.php(201): CodeIgniter\Exceptions\FrameworkException::forInvalidFile('layout/admin-layout.php')
 2 SYSTEMPATH\View\View.php(229): CodeIgniter\View\View->render('layout/admin-layout', [], true)
 3 SYSTEMPATH\Common.php(1184): CodeIgniter\View\View->render('admin/dashboard_admin', [], true)
 4 APPPATH\Controllers\AdminController.php(9): view('admin/dashboard_admin')
 5 SYSTEMPATH\CodeIgniter.php(934): App\Controllers\AdminController->index()
 6 SYSTEMPATH\CodeIgniter.php(499): CodeIgniter\CodeIgniter->runController(Object(App\Controllers\AdminController))
 7 SYSTEMPATH\CodeIgniter.php(368): CodeIgniter\CodeIgniter->handleRequest(null, Object(Config\Cache), false)
 8 FCPATH\index.php(67): CodeIgniter\CodeIgniter->run()
 9 SYSTEMPATH\Commands\Server\rewrite.php(47): require_once('FCPATH\\index.php')
CRITICAL - 2023-03-07 02:23:02 --> Undefined variable $masyarakat
in APPPATH\Views\admin\dashboard_admin.php on line 17.
 1 APPPATH\Views\admin\dashboard_admin.php(17): CodeIgniter\Debug\Exceptions->errorHandler(2, 'Undefined variable $masyarakat', 'APPPATH\\Views\\admin\\dashboard_admin.php', 17)
 2 SYSTEMPATH\View\View.php(213): include('APPPATH\\Views\\admin\\dashboard_admin.php')
 3 SYSTEMPATH\View\View.php(216): CodeIgniter\View\View->CodeIgniter\View\{closure}()
 4 SYSTEMPATH\Common.php(1184): CodeIgniter\View\View->render('admin/dashboard_admin', [], true)
 5 APPPATH\Controllers\AdminController.php(9): view('admin/dashboard_admin')
 6 SYSTEMPATH\CodeIgniter.php(934): App\Controllers\AdminController->index()
 7 SYSTEMPATH\CodeIgniter.php(499): CodeIgniter\CodeIgniter->runController(Object(App\Controllers\AdminController))
 8 SYSTEMPATH\CodeIgniter.php(368): CodeIgniter\CodeIgniter->handleRequest(null, Object(Config\Cache), false)
 9 FCPATH\index.php(67): CodeIgniter\CodeIgniter->run()
10 SYSTEMPATH\Commands\Server\rewrite.php(47): require_once('FCPATH\\index.php')
CRITICAL - 2023-03-07 02:27:20 --> Undefined variable $masyarakat
in APPPATH\Views\admin\dashboard_admin.php on line 17.
 1 APPPATH\Views\admin\dashboard_admin.php(17): CodeIgniter\Debug\Exceptions->errorHandler(2, 'Undefined variable $masyarakat', 'APPPATH\\Views\\admin\\dashboard_admin.php', 17)
 2 SYSTEMPATH\View\View.php(213): include('APPPATH\\Views\\admin\\dashboard_admin.php')
 3 SYSTEMPATH\View\View.php(216): CodeIgniter\View\View->CodeIgniter\View\{closure}()
 4 SYSTEMPATH\Common.php(1184): CodeIgniter\View\View->render('admin/dashboard_admin', [], true)
 5 APPPATH\Controllers\AdminController.php(18): view('admin/dashboard_admin')
 6 SYSTEMPATH\CodeIgniter.php(934): App\Controllers\AdminController->index()
 7 SYSTEMPATH\CodeIgniter.php(499): CodeIgniter\CodeIgniter->runController(Object(App\Controllers\AdminController))
 8 SYSTEMPATH\CodeIgniter.php(368): CodeIgniter\CodeIgniter->handleRequest(null, Object(Config\Cache), false)
 9 FCPATH\index.php(67): CodeIgniter\CodeIgniter->run()
10 SYSTEMPATH\Commands\Server\rewrite.php(47): require_once('FCPATH\\index.php')
CRITICAL - 2023-03-07 02:28:24 --> Undefined variable $masyarakat
in APPPATH\Views\admin\dashboard_admin.php on line 17.
 1 APPPATH\Views\admin\dashboard_admin.php(17): CodeIgniter\Debug\Exceptions->errorHandler(2, 'Undefined variable $masyarakat', 'APPPATH\\Views\\admin\\dashboard_admin.php', 17)
 2 SYSTEMPATH\View\View.php(213): include('APPPATH\\Views\\admin\\dashboard_admin.php')
 3 SYSTEMPATH\View\View.php(216): CodeIgniter\View\View->CodeIgniter\View\{closure}()
 4 SYSTEMPATH\Common.php(1184): CodeIgniter\View\View->render('admin/dashboard_admin', [], true)
 5 APPPATH\Controllers\AdminController.php(18): view('admin/dashboard_admin')
 6 SYSTEMPATH\CodeIgniter.php(934): App\Controllers\AdminController->index()
 7 SYSTEMPATH\CodeIgniter.php(499): CodeIgniter\CodeIgniter->runController(Object(App\Controllers\AdminController))
 8 SYSTEMPATH\CodeIgniter.php(368): CodeIgniter\CodeIgniter->handleRequest(null, Object(Config\Cache), false)
 9 FCPATH\index.php(67): CodeIgniter\CodeIgniter->run()
10 SYSTEMPATH\Commands\Server\rewrite.php(47): require_once('FCPATH\\index.php')
CRITICAL - 2023-03-07 02:30:38 --> Undefined variable $masyarakat
in APPPATH\Views\admin\dashboard_admin.php on line 17.
 1 APPPATH\Views\admin\dashboard_admin.php(17): CodeIgniter\Debug\Exceptions->errorHandler(2, 'Undefined variable $masyarakat', 'APPPATH\\Views\\admin\\dashboard_admin.php', 17)
 2 SYSTEMPATH\View\View.php(213): include('APPPATH\\Views\\admin\\dashboard_admin.php')
 3 SYSTEMPATH\View\View.php(216): CodeIgniter\View\View->CodeIgniter\View\{closure}()
 4 SYSTEMPATH\Common.php(1184): CodeIgniter\View\View->render('admin/dashboard_admin', [], true)
 5 APPPATH\Controllers\AdminController.php(18): view('admin/dashboard_admin')
 6 SYSTEMPATH\CodeIgniter.php(934): App\Controllers\AdminController->index()
 7 SYSTEMPATH\CodeIgniter.php(499): CodeIgniter\CodeIgniter->runController(Object(App\Controllers\AdminController))
 8 SYSTEMPATH\CodeIgniter.php(368): CodeIgniter\CodeIgniter->handleRequest(null, Object(Config\Cache), false)
 9 FCPATH\index.php(67): CodeIgniter\CodeIgniter->run()
10 SYSTEMPATH\Commands\Server\rewrite.php(47): require_once('FCPATH\\index.php')
CRITICAL - 2023-03-07 08:43:44 --> Undefined variable $masyarakat
in APPPATH\Views\admin\dashboard_admin.php on line 17.
 1 APPPATH\Views\admin\dashboard_admin.php(17): CodeIgniter\Debug\Exceptions->errorHandler(2, 'Undefined variable $masyarakat', 'APPPATH\\Views\\admin\\dashboard_admin.php', 17)
 2 SYSTEMPATH\View\View.php(213): include('APPPATH\\Views\\admin\\dashboard_admin.php')
 3 SYSTEMPATH\View\View.php(216): CodeIgniter\View\View->CodeIgniter\View\{closure}()
 4 SYSTEMPATH\Common.php(1184): CodeIgniter\View\View->render('admin/dashboard_admin', [], true)
 5 APPPATH\Controllers\AdminController.php(18): view('admin/dashboard_admin')
 6 SYSTEMPATH\CodeIgniter.php(934): App\Controllers\AdminController->index()
 7 SYSTEMPATH\CodeIgniter.php(499): CodeIgniter\CodeIgniter->runController(Object(App\Controllers\AdminController))
 8 SYSTEMPATH\CodeIgniter.php(368): CodeIgniter\CodeIgniter->handleRequest(null, Object(Config\Cache), false)
 9 FCPATH\index.php(67): CodeIgniter\CodeIgniter->run()
10 SYSTEMPATH\Commands\Server\rewrite.php(47): require_once('FCPATH\\index.php')
WARNING - 2023-03-07 08:46:26 --> [DEPRECATED] Creation of dynamic property App\Controllers\PengaduanController::$pengaduanModel is deprecated in APPPATH\Controllers\PengaduanController.php on line 14.
 1 SYSTEMPATH\CodeIgniter.php(906): App\Controllers\PengaduanController->__construct()
 2 SYSTEMPATH\CodeIgniter.php(490): CodeIgniter\CodeIgniter->createController()
 3 SYSTEMPATH\CodeIgniter.php(368): CodeIgniter\CodeIgniter->handleRequest(null, Object(Config\Cache), false)
 4 FCPATH\index.php(67): CodeIgniter\CodeIgniter->run()
 5 SYSTEMPATH\Commands\Server\rewrite.php(47): require_once('FCPATH\\index.php')
WARNING - 2023-03-07 08:46:47 --> [DEPRECATED] Creation of dynamic property App\Controllers\PengaduanController::$pengaduanModel is deprecated in APPPATH\Controllers\PengaduanController.php on line 14.
 1 SYSTEMPATH\CodeIgniter.php(906): App\Controllers\PengaduanController->__construct()
 2 SYSTEMPATH\CodeIgniter.php(490): CodeIgniter\CodeIgniter->createController()
 3 SYSTEMPATH\CodeIgniter.php(368): CodeIgniter\CodeIgniter->handleRequest(null, Object(Config\Cache), false)
 4 FCPATH\index.php(67): CodeIgniter\CodeIgniter->run()
 5 SYSTEMPATH\Commands\Server\rewrite.php(47): require_once('FCPATH\\index.php')
WARNING - 2023-03-07 08:49:48 --> [DEPRECATED] Creation of dynamic property App\Controllers\PengaduanController::$pengaduanModel is deprecated in APPPATH\Controllers\PengaduanController.php on line 14.
 1 SYSTEMPATH\CodeIgniter.php(906): App\Controllers\PengaduanController->__construct()
 2 SYSTEMPATH\CodeIgniter.php(490): CodeIgniter\CodeIgniter->createController()
 3 SYSTEMPATH\CodeIgniter.php(368): CodeIgniter\CodeIgniter->handleRequest(null, Object(Config\Cache), false)
 4 FCPATH\index.php(67): CodeIgniter\CodeIgniter->run()
 5 SYSTEMPATH\Commands\Server\rewrite.php(47): require_once('FCPATH\\index.php')
WARNING - 2023-03-07 08:49:52 --> [DEPRECATED] Creation of dynamic property App\Controllers\PengaduanController::$pengaduanModel is deprecated in APPPATH\Controllers\PengaduanController.php on line 14.
 1 SYSTEMPATH\CodeIgniter.php(906): App\Controllers\PengaduanController->__construct()
 2 SYSTEMPATH\CodeIgniter.php(490): CodeIgniter\CodeIgniter->createController()
 3 SYSTEMPATH\CodeIgniter.php(368): CodeIgniter\CodeIgniter->handleRequest(null, Object(Config\Cache), false)
 4 FCPATH\index.php(67): CodeIgniter\CodeIgniter->run()
 5 SYSTEMPATH\Commands\Server\rewrite.php(47): require_once('FCPATH\\index.php')
WARNING - 2023-03-07 08:52:19 --> [DEPRECATED] Creation of dynamic property App\Controllers\PengaduanController::$pengaduanModel is deprecated in APPPATH\Controllers\PengaduanController.php on line 14.
 1 SYSTEMPATH\CodeIgniter.php(906): App\Controllers\PengaduanController->__construct()
 2 SYSTEMPATH\CodeIgniter.php(490): CodeIgniter\CodeIgniter->createController()
 3 SYSTEMPATH\CodeIgniter.php(368): CodeIgniter\CodeIgniter->handleRequest(null, Object(Config\Cache), false)
 4 FCPATH\index.php(67): CodeIgniter\CodeIgniter->run()
 5 SYSTEMPATH\Commands\Server\rewrite.php(47): require_once('FCPATH\\index.php')
WARNING - 2023-03-07 08:52:22 --> [DEPRECATED] Creation of dynamic property App\Controllers\PengaduanController::$pengaduanModel is deprecated in APPPATH\Controllers\PengaduanController.php on line 14.
 1 SYSTEMPATH\CodeIgniter.php(906): App\Controllers\PengaduanController->__construct()
 2 SYSTEMPATH\CodeIgniter.php(490): CodeIgniter\CodeIgniter->createController()
 3 SYSTEMPATH\CodeIgniter.php(368): CodeIgniter\CodeIgniter->handleRequest(null, Object(Config\Cache), false)
 4 FCPATH\index.php(67): CodeIgniter\CodeIgniter->run()
 5 SYSTEMPATH\Commands\Server\rewrite.php(47): require_once('FCPATH\\index.php')
WARNING - 2023-03-07 08:52:22 --> [DEPRECATED] Creation of dynamic property App\Controllers\PengaduanController::$pengaduanModel is deprecated in APPPATH\Controllers\PengaduanController.php on line 14.
 1 SYSTEMPATH\CodeIgniter.php(906): App\Controllers\PengaduanController->__construct()
 2 SYSTEMPATH\CodeIgniter.php(490): CodeIgniter\CodeIgniter->createController()
 3 SYSTEMPATH\CodeIgniter.php(368): CodeIgniter\CodeIgniter->handleRequest(null, Object(Config\Cache), false)
 4 FCPATH\index.php(67): CodeIgniter\CodeIgniter->run()
 5 SYSTEMPATH\Commands\Server\rewrite.php(47): require_once('FCPATH\\index.php')
WARNING - 2023-03-07 08:52:32 --> [DEPRECATED] Creation of dynamic property App\Controllers\PengaduanController::$pengaduanModel is deprecated in APPPATH\Controllers\PengaduanController.php on line 14.
 1 SYSTEMPATH\CodeIgniter.php(906): App\Controllers\PengaduanController->__construct()
 2 SYSTEMPATH\CodeIgniter.php(490): CodeIgniter\CodeIgniter->createController()
 3 SYSTEMPATH\CodeIgniter.php(368): CodeIgniter\CodeIgniter->handleRequest(null, Object(Config\Cache), false)
 4 FCPATH\index.php(67): CodeIgniter\CodeIgniter->run()
 5 SYSTEMPATH\Commands\Server\rewrite.php(47): require_once('FCPATH\\index.php')
WARNING - 2023-03-07 08:53:03 --> [DEPRECATED] Creation of dynamic property App\Controllers\PengaduanController::$pengaduanModel is deprecated in APPPATH\Controllers\PengaduanController.php on line 14.
 1 SYSTEMPATH\CodeIgniter.php(906): App\Controllers\PengaduanController->__construct()
 2 SYSTEMPATH\CodeIgniter.php(490): CodeIgniter\CodeIgniter->createController()
 3 SYSTEMPATH\CodeIgniter.php(368): CodeIgniter\CodeIgniter->handleRequest(null, Object(Config\Cache), false)
 4 FCPATH\index.php(67): CodeIgniter\CodeIgniter->run()
 5 SYSTEMPATH\Commands\Server\rewrite.php(47): require_once('FCPATH\\index.php')
